
Showing logs for build [32mcb-kubecd-bdd-gh-1584168172-pr-8kfm8-1[0m stage [32mfrom-build-pack[0m and container [32mstep-credential-initializer-2cvxz[0m
{"level":"warn","ts":1584169389.1296062,"logger":"fallback-logger","caller":"logging/config.go:69","msg":"Fetch GitHub commit ID from kodata failed: \"ref: refs/heads/0.8.0-**-support-backwards-incompats\" is not a valid GitHub commit ID"}
{"level":"info","ts":1584169389.133688,"logger":"fallback-logger","caller":"creds-init/main.go:40","msg":"Credentials initialized."}

Showing logs for build [32mcb-kubecd-bdd-gh-1584168172-pr-8kfm8-1[0m stage [32mfrom-build-pack[0m and container [32mstep-working-dir-initializer-8tb5h[0m
{"level":"warn","ts":1584169390.7822037,"logger":"fallback-logger","caller":"logging/config.go:69","msg":"Fetch GitHub commit ID from kodata failed: open /var/run/ko/HEAD: no such file or directory"}
{"level":"info","ts":1584169390.78671,"logger":"fallback-logger","caller":"bash/main.go:64","msg":"Successfully executed command \"sh -c mkdir -p /workspace/source\"; output "}

Showing logs for build [32mcb-kubecd-bdd-gh-1584168172-pr-8kfm8-1[0m stage [32mfrom-build-pack[0m and container [32mstep-place-tools[0m

Showing logs for build [32mcb-kubecd-bdd-gh-1584168172-pr-8kfm8-1[0m stage [32mfrom-build-pack[0m and container [32mstep-git-source-cb-kubecd-bdd-gh-1584168172-pr-8kfm8-774tj[0m
{"level":"warn","ts":1584169397.9202497,"logger":"fallback-logger","caller":"logging/config.go:69","msg":"Fetch GitHub commit ID from kodata failed: \"ref: refs/heads/0.8.0-**-support-backwards-incompats\" is not a valid GitHub commit ID"}
{"level":"info","ts":1584169399.0335112,"logger":"fallback-logger","caller":"git/git.go:103","msg":"Successfully cloned https://github.com/cb-kubecd/bdd-gh-1584168172.git @ master in path /workspace/source"}

Showing logs for build [32mcb-kubecd-bdd-gh-1584168172-pr-8kfm8-1[0m stage [32mfrom-build-pack[0m and container [32mstep-git-merge[0m
Using SHAs from PULL_REFS=master:4c49339c584f71f2aca08a6192fb70101f573772,1:dfd65c4ea2c6b0a73a62604d910c39e703c1423a
DEBUG: LC_ALL=C JX_LOG_LEVEL=error git fetch origin --unshallow dfd65c4ea2c6b0a73a62604d910c39e703c1423a: 4c49339c584f71f2aca08a6192fb70101f573772:
DEBUG: ran git fetch --unshallow origin dfd65c4ea2c6b0a73a62604d910c39e703c1423a: 4c49339c584f71f2aca08a6192fb70101f573772: in 
DEBUG: LC_ALL=C JX_LOG_LEVEL=error git branch
DEBUG: LC_ALL=C JX_LOG_LEVEL=error git checkout master
DEBUG: ran git checkout master in 
DEBUG: LC_ALL=C JX_LOG_LEVEL=error git reset --hard 4c49339c584f71f2aca08a6192fb70101f573772
DEBUG: ran git reset --hard 4c49339c584f71f2aca08a6192fb70101f573772 in 
DEBUG: JX_LOG_LEVEL=error LC_ALL=C git clean -fd .
DEBUG: ran clean --force -d . in 
DEBUG: LC_ALL=C JX_LOG_LEVEL=error git merge dfd65c4ea2c6b0a73a62604d910c39e703c1423a
DEBUG: ran git merge dfd65c4ea2c6b0a73a62604d910c39e703c1423a in 
DEBUG: LC_ALL=C JX_LOG_LEVEL=error git log --format=%H%x1f%an%x1f%ae%x1f%cn%x1f%ce%x1f%s%n%b%x1e 4c49339c584f71f2aca08a6192fb70101f573772..HEAD
Merged SHA dfd65c4ea2c6b0a73a62604d910c39e703c1423a with commit message 'My first PR commit' into base branch master

Showing logs for build [32mcb-kubecd-bdd-gh-1584168172-pr-8kfm8-1[0m stage [32mfrom-build-pack[0m and container [32mstep-build-make-linux[0m
CGO_ENABLED=0 GOOS=linux GOARCH=amd64 GO15VENDOREXPERIMENT=1 go build -ldflags '' -o bin/bdd-gh-1584168172 main.go

Showing logs for build [32mcb-kubecd-bdd-gh-1584168172-pr-8kfm8-1[0m stage [32mfrom-build-pack[0m and container [32mstep-build-container-build[0m
[36mINFO[0m[0000] No base image, nothing to extract            
[36mINFO[0m[0000] cmd: EXPOSE                                  
[36mINFO[0m[0000] Adding exposed port: 8080/tcp                
[36mINFO[0m[0000] Using files from context: [/workspace/source/bin] 
[36mINFO[0m[0000] Skipping unpacking as no commands require it. 
[36mINFO[0m[0000] Taking snapshot of full filesystem...        
[36mINFO[0m[0000] EXPOSE 8080                                  
[36mINFO[0m[0000] cmd: EXPOSE                                  
[36mINFO[0m[0000] Adding exposed port: 8080/tcp                
[36mINFO[0m[0000] No files changed in this command, skipping snapshotting. 
[36mINFO[0m[0000] ENTRYPOINT ["/bdd-gh-1584168172"]            
[36mINFO[0m[0000] No files changed in this command, skipping snapshotting. 
[36mINFO[0m[0000] Using files from context: [/workspace/source/bin] 
[36mINFO[0m[0000] COPY ./bin/ /                                
[36mINFO[0m[0000] Taking snapshot of files...                  
2020/03/14 07:03:51 pushed blob: sha256:9196e64bcd67323de989fff571be22cbcad9f71ddfd3cce2ed4cb136f40bcfa2
2020/03/14 07:03:52 pushed blob: sha256:0944a91e989df41737d0b331dd1fad5be791504bcb73475285d0e455074ff860
2020/03/14 07:03:54 gcr.io/jenkins-x-bdd3/bdd-gh-1584168172:0.0.0-SNAPSHOT-PR-1-1: digest: sha256:4510ab6ae5fc0eac20c06936487936c5078d695ba329a2f94b7fb7c8ef8eb1cf size: 428

Showing logs for build [32mcb-kubecd-bdd-gh-1584168172-pr-8kfm8-1[0m stage [32mfrom-build-pack[0m and container [32mstep-postbuild-post-build[0m
no CVE provider running in the current ** namespace so skip adding image to be analysed

Showing logs for build [32mcb-kubecd-bdd-gh-1584168172-pr-8kfm8-1[0m stage [32mfrom-build-pack[0m and container [32mstep-promote-make-preview[0m
sed -i -e "s/version:.*/version: 0.0.0-SNAPSHOT-PR-1-1/" Chart.yaml
sed -i -e "s/version:.*/version: 0.0.0-SNAPSHOT-PR-1-1/" ../*/Chart.yaml
sed -i -e "s|repository:.*|repository: gcr.io\/jenkins-x-bdd3\/bdd-gh-1584168172|" values.yaml
sed -i -e "s/tag:.*/tag: 0.0.0-SNAPSHOT-PR-1-1/" values.yaml
echo "  version: 0.0.0-SNAPSHOT-PR-1-1" >> requirements.yaml
** step helm build
WARNING: No $CHART_REPOSITORY defined so using the default value of: http://jenkins-x-chartmuseum:8080
Adding missing Helm repo: storage.googleapis.com https://storage.googleapis.com/chartmuseum.jenkins-x.io
WARNING: No secrets found on "helm/repos" due: reading the secret "helm/repos" from vault: no secret "helm/repos" not found in vault
Read credentials for https://storage.googleapis.com/chartmuseum.jenkins-x.io from vault helm/repos
Successfully added Helm repository storage.googleapis.com.
Adding missing Helm repo: jenkins-x-chartmuseum http://jenkins-x-chartmuseum:8080
WARNING: No secrets found on "helm/repos" due: reading the secret "helm/repos" from vault: no secret "helm/repos" not found in vault
Read credentials for http://jenkins-x-chartmuseum:8080 from vault helm/repos
Successfully added Helm repository jenkins-x-chartmuseum.
WARNING: No $CHART_REPOSITORY defined so using the default value of: http://jenkins-x-chartmuseum:8080
Adding missing Helm repo: chartmuseum.jenkins-x.io http://chartmuseum.jenkins-x.io
WARNING: No secrets found on "helm/repos" due: reading the secret "helm/repos" from vault: no secret "helm/repos" not found in vault
Read credentials for http://chartmuseum.jenkins-x.io from vault helm/repos
Successfully added Helm repository chartmuseum.jenkins-x.io.

Showing logs for build [32mcb-kubecd-bdd-gh-1584168172-pr-8kfm8-1[0m stage [32mfrom-build-pack[0m and container [32mstep-promote-jx-preview[0m
Creating a preview
Created environment cb-kubecd-bdd-gh-1584168172-pr-1
Namespace **-cb-kubecd-bdd-gh-1584168172-pr-1 created 
expose:
  Annotations:
    helm.sh/hook: post-install,post-upgrade
    helm.sh/hook-delete-policy: hook-succeeded
  config:
    domain: 35.233.125.157.nip.io
    exposer: Ingress
    http: "true"
preview:
  image:
    repository: gcr.io/jenkins-x-bdd3/bdd-gh-1584168172
    tag: 0.0.0-SNAPSHOT-PR-1-1

Updating PipelineActivities cb-kubecd-bdd-gh-1584168172-pr-1-1 which has status Running
WARNING: preview application http://bdd-gh-1584168172.**-cb-kubecd-bdd-gh-1584168172-pr-1.35.233.125.157.nip.io not available, error was 503 503 Service Temporarily Unavailable, delaying for: 1.089834185s
Preview application is now available at: http://bdd-gh-1584168172.**-cb-kubecd-bdd-gh-1584168172-pr-1.35.233.125.157.nip.io
